<?xml version="1.0"?>
<testsuites>
 <testsuite name="MasterScript_script" package="nopBankWindows.suite" timestamp="2019-02-25 14:47:58.487 +0530"
 tests="1"  failures="1" errors="1" time="12.269000">
  <properties>
   <property name="RunDate" value="2019-02-25 14:47:58.487 +0530"/>
   <property name="Status" value="Failure"/>
  </properties>
  <testcase name="MasterScript.script" assertions="1" status="error"  time="11.205">
    <failure type="FAILURE" message="Image Not Found tap Error - No Image Found On Screen: &quot;Username&quot; -- Execution Time 0:00:12 MasterScript.script" />
    <error type="Exception" message="No Image Found On Screen: &quot;Username&quot;" />
  </testcase>
 </testsuite>
</testsuites>
